\BOOKMARK [0][-]{section*.1}{\376\377\004\036\004\063\004\073\004\060\004\062\004\073\004\065\004\075\004\070\004\065}{}% 1
\BOOKMARK [0][-]{chapter*.2}{\376\377\004\022\004\062\004\065\004\064\004\065\004\075\004\070\004\065}{}% 2
\BOOKMARK [0][-]{chapter.1}{\376\377\004\037\004\076\004\101\004\102\004\060\004\075\004\076\004\062\004\072\004\060\000\040\004\067\004\060\004\064\004\060\004\107\004\070}{}% 3
\BOOKMARK [1][-]{section.1.1}{\376\377\004\036\004\061\004\111\004\060\004\117\000\040\004\077\004\076\004\101\004\102\004\060\004\075\004\076\004\062\004\072\004\060\000\040\004\067\004\060\004\064\004\060\004\107\004\070\000\040\004\060\004\075\004\060\004\073\004\070\004\067\004\060\000\040\004\062\004\113\004\066\004\070\004\062\004\060\004\065\004\074\004\076\004\101\004\102\004\070}{chapter.1}% 4
\BOOKMARK [1][-]{section.1.2}{\376\377\000C\000-\004\070\004\075\004\064\004\065\004\072\004\101\000\040\004\070\000\040\004\065\004\063\004\076\000\040\004\101\004\062\004\117\004\067\004\114\000\040\004\101\000\040\004\100\004\060\004\075\004\066\004\070\004\100\004\076\004\062\004\060\004\075\004\070\004\065\004\074\000\040\004\060\004\061\004\076\004\075\004\065\004\075\004\102\004\076\004\062}{chapter.1}% 5
\BOOKMARK [1][-]{section.1.3}{\376\377\004\037\004\076\004\101\004\102\004\060\004\075\004\076\004\062\004\072\004\060\000\040\004\101\000\040\004\076\004\064\004\075\004\070\004\074\000\040\004\062\004\065\004\072\004\102\004\076\004\100\004\076\004\074\000-\004\077\004\100\004\070\004\067\004\075\004\060\004\072\004\076\004\074}{chapter.1}% 6
\BOOKMARK [1][-]{section.1.4}{\376\377\004\037\004\076\004\101\004\102\004\060\004\062\004\075\004\076\004\072\004\060\000\040\004\062\000\040\004\062\004\100\004\065\004\074\004\065\004\075\004\075\004\113\004\074\000\040\004\100\004\117\004\064\004\076\004\074\000\040\004\062\004\065\004\072\004\102\004\076\004\100\004\076\004\062\000-\004\077\004\100\004\070\004\067\004\075\004\060\004\072\004\076\004\062}{chapter.1}% 7
\BOOKMARK [0][-]{chapter.2}{\376\377\004\041\004\103\004\111\004\065\004\101\004\102\004\062\004\103\004\116\004\111\004\070\004\065\000\040\004\077\004\076\004\064\004\105\004\076\004\064\004\113\000\040\004\062\000\040\004\060\004\075\004\060\004\073\004\070\004\067\004\065\000\040\004\062\004\113\004\066\004\070\004\062\004\060\004\065\004\074\004\076\004\101\004\102\004\070}{}% 8
\BOOKMARK [1][-]{section.2.1}{\376\377\004\035\004\065\004\077\004\100\004\065\004\100\004\113\004\062\004\075\004\113\004\065\000\040\004\074\004\076\004\064\004\065\004\073\004\070\000\040\004\062\004\113\004\066\004\070\004\062\004\060\004\065\004\074\004\076\004\101\004\102\004\070}{chapter.2}% 9
\BOOKMARK [1][-]{section.2.2}{\376\377\004\036\004\106\004\065\004\075\004\072\004\060\000\040\004\032\004\060\004\077\004\073\004\060\004\075\004\060\040\023\004\034\004\060\004\071\004\065\004\100\004\060}{chapter.2}% 10
\BOOKMARK [2][-]{subsection.2.2.1}{\376\377\004\034\004\076\004\064\004\065\004\073\004\114\000\040\004\077\004\100\004\076\004\077\004\076\004\100\004\106\004\070\004\076\004\075\004\060\004\073\004\114\004\075\004\113\004\105\000\040\004\100\004\070\004\101\004\072\004\076\004\062\000\040\004\032\004\076\004\072\004\101\004\060}{section.2.2}% 11
\BOOKMARK [2][-]{subsection.2.2.2}{\376\377\000D\000e\000e\000p\000S\000u\000r\000v}{section.2.2}% 12
\BOOKMARK [1][-]{section.2.3}{\376\377\004\024\004\070\004\101\004\072\004\100\004\065\004\102\004\075\004\113\004\065\000\040\004\074\004\076\004\064\004\065\004\073\004\070\000\040\004\062\004\113\004\066\004\070\004\062\004\060\004\065\004\074\004\076\004\101\004\102\004\070}{chapter.2}% 13
\BOOKMARK [2][-]{subsection.2.3.1}{\376\377\000N\000n\000e\000t\000-\000s\000u\000r\000v\000i\000v\000a\000l}{section.2.3}% 14
\BOOKMARK [2][-]{subsection.2.3.2}{\376\377\000P\000M\000F\000\040\000\050\000P\000r\000o\000b\000a\000b\000i\000l\000i\000t\000y\000\040\000M\000a\000s\000s\000\040\000F\000u\000n\000c\000t\000i\000o\000n\000\051}{section.2.3}% 15
\BOOKMARK [2][-]{subsection.2.3.3}{\376\377\004\034\004\076\004\064\004\065\004\073\004\114\000\040\000D\000e\000e\000p\000H\000i\000t}{section.2.3}% 16
\BOOKMARK [0][-]{chapter.3}{\376\377\004\036\004\077\004\070\004\101\004\060\004\075\004\070\004\065\000\040\004\077\004\076\004\064\004\105\004\076\004\064\004\060\000,\000\040\004\100\004\060\004\067\004\100\004\060\004\061\004\076\004\102\004\060\004\075\004\075\004\076\004\063\004\076\000\040\004\062\000\040\004\064\004\060\004\075\004\075\004\076\004\071\000\040\004\100\004\060\004\061\004\076\004\102\004\065}{}% 17
\BOOKMARK [1][-]{section.3.1}{\376\377\004\040\004\065\004\110\004\065\004\075\004\070\004\065\000\040\004\067\004\060\004\064\004\060\004\107\004\070\000\040\004\064\004\073\004\117\000\040\004\062\004\100\004\065\004\074\004\065\004\075\004\075\004\076\004\063\004\076\000\040\004\100\004\117\004\064\004\060\000\040\004\062\004\065\004\072\004\102\004\076\004\100\004\076\004\062\000-\004\077\004\100\004\070\004\067\004\075\004\060\004\072\004\076\004\062}{chapter.3}% 18
\BOOKMARK [1][-]{section.3.2}{\376\377\004\036\004\077\004\070\004\101\004\060\004\075\004\070\004\065\000\040\004\060\004\100\004\105\004\070\004\102\004\065\004\072\004\102\004\103\004\100\004\113\000\040\004\074\004\076\004\064\004\065\004\073\004\070}{chapter.3}% 19
\BOOKMARK [1][-]{section.3.3}{\376\377\004\041\004\062\004\076\004\071\004\101\004\102\004\062\004\060\000\040\004\064\004\076\004\061\004\060\004\062\004\072\004\070\000\040\000L\0002}{chapter.3}% 20
\BOOKMARK [0][-]{chapter.4}{\376\377\004\047\004\070\004\101\004\073\004\065\004\075\004\075\004\113\004\065\000\040\004\115\004\072\004\101\004\077\004\065\004\100\004\070\004\074\004\065\004\075\004\102\004\113}{}% 21
\BOOKMARK [1][-]{section.4.1}{\376\377\004\036\004\077\004\070\004\101\004\060\004\075\004\070\004\065\000\040\004\077\004\076\004\101\004\102\004\060\004\075\004\076\004\062\004\072\004\070\000\040\004\067\004\060\004\064\004\060\004\107\004\070}{chapter.4}% 22
\BOOKMARK [1][-]{section.4.2}{\376\377\004\036\004\077\004\070\004\101\004\060\004\075\004\070\004\065\000\040\004\064\004\060\004\075\004\075\004\113\004\105}{chapter.4}% 23
\BOOKMARK [1][-]{section.4.3}{\376\377\004\032\004\100\004\070\004\102\004\065\004\100\004\070\004\070\000\040\004\072\004\060\004\107\004\065\004\101\004\102\004\062\004\060}{chapter.4}% 24
\BOOKMARK [1][-]{section.4.4}{\376\377\004\034\004\065\004\102\004\076\004\064\000\040\004\077\004\076\004\064\004\061\004\076\004\100\004\060\000\040\004\063\004\070\004\077\004\065\004\100\004\077\004\060\004\100\004\060\004\074\004\065\004\102\004\100\004\076\004\062\000\040\004\070\000\040\004\110\004\060\004\063\004\060\000\040\004\076\004\061\004\103\004\107\004\065\004\075\004\070\004\117}{chapter.4}% 25
\BOOKMARK [2][-]{subsection.4.4.1}{\376\377\000G\000r\000i\000d\000\040\000S\000e\000a\000r\000c\000h}{section.4.4}% 26
\BOOKMARK [2][-]{subsection.4.4.2}{\376\377\000L\000e\000a\000r\000n\000i\000n\000g\000\040\000R\000a\000t\000e\000\040\000F\000i\000n\000d\000e\000r}{section.4.4}% 27
\BOOKMARK [1][-]{section.4.5}{\376\377\000D\000e\000e\000p\000H\000i\000t\000\040\004\062\000\040\004\067\004\060\004\064\004\060\004\107\004\065\000\040\004\061\004\070\004\075\004\060\004\100\004\075\004\076\004\071\000\040\004\072\004\073\004\060\004\101\004\101\004\070\004\104\004\070\004\072\004\060\004\106\004\070\004\070}{chapter.4}% 28
\BOOKMARK [2][-]{subsection.4.5.1}{\376\377\004\047\004\070\004\101\004\073\004\076\000\040\004\115\004\077\004\076\004\105\000\040\004\076\004\061\004\103\004\107\004\065\004\075\004\070\004\117\000\040\000=\000\040\0003}{section.4.5}% 29
\BOOKMARK [2][-]{subsection.4.5.2}{\376\377\004\047\004\070\004\101\004\073\004\076\000\040\004\115\004\077\004\076\004\105\000\040\004\076\004\061\004\103\004\107\004\065\004\075\004\070\004\117\000\040\000=\000\040\0003\0000}{section.4.5}% 30
\BOOKMARK [1][-]{section.4.6}{\376\377\000D\000e\000e\000p\000H\000i\000t\000\040\004\062\000\040\004\067\004\060\004\064\004\060\004\107\004\065\000\040\004\074\004\075\004\076\004\063\004\076\004\072\004\073\004\060\004\101\004\101\004\076\004\062\004\076\004\071\000\040\004\072\004\073\004\060\004\101\004\101\004\070\004\104\004\070\004\072\004\060\004\106\004\070\004\070}{chapter.4}% 31
\BOOKMARK [2][-]{subsection.4.6.1}{\376\377\004\022\004\072\004\073\004\060\004\064\000\040\004\077\004\100\004\070\004\067\004\075\004\060\004\072\004\076\004\062\000\040\004\074\004\076\004\064\004\065\004\073\004\065\004\071}{section.4.6}% 32
\BOOKMARK [2][-]{subsection.4.6.2}{\376\377\004\027\004\075\004\060\004\107\004\065\004\075\004\070\004\065\000\040\000C\000-\004\070\004\075\004\064\004\065\004\072\004\101\004\060\000\040\004\074\004\076\004\064\004\065\004\073\004\070}{section.4.6}% 33
\BOOKMARK [2][-]{subsection.4.6.3}{\376\377\004\030\004\075\004\102\004\065\004\100\004\077\004\100\004\065\004\102\004\060\004\106\004\070\004\117\000\040\004\062\004\065\004\100\004\076\004\117\004\102\004\075\004\076\004\101\004\102\004\065\004\071\000\040\004\062\004\113\004\066\004\070\004\062\004\060\004\075\004\070\004\117}{section.4.6}% 34
\BOOKMARK [1][-]{section.4.7}{\376\377\000P\000M\000F\000\040\004\062\000\040\004\067\004\060\004\064\004\060\004\107\004\065\000\040\004\074\004\075\004\076\004\063\004\076\004\072\004\073\004\060\004\101\004\101\004\076\004\062\004\076\004\071\000\040\004\072\004\073\004\060\004\101\004\101\004\070\004\104\004\070\004\072\004\060\004\106\004\070\004\070}{chapter.4}% 35
\BOOKMARK [2][-]{subsection.4.7.1}{\376\377\004\022\004\072\004\073\004\060\004\064\000\040\004\077\004\100\004\070\004\067\004\075\004\060\004\072\004\076\004\062\000\040\004\074\004\076\004\064\004\065\004\073\004\065\004\071}{section.4.7}% 36
\BOOKMARK [2][-]{subsection.4.7.2}{\376\377\004\027\004\075\004\060\004\107\004\065\004\075\004\070\004\065\000\040\000C\000-\004\070\004\075\004\064\004\065\004\072\004\101\004\060\000\040\004\074\004\076\004\064\004\065\004\073\004\070}{section.4.7}% 37
\BOOKMARK [2][-]{subsection.4.7.3}{\376\377\004\030\004\075\004\102\004\065\004\100\004\077\004\100\004\065\004\102\004\060\004\106\004\070\004\117\000\040\004\062\004\065\004\100\004\076\004\117\004\102\004\075\004\076\004\101\004\102\004\065\004\071\000\040\004\062\004\113\004\066\004\070\004\062\004\060\004\075\004\070\004\117}{section.4.7}% 38
\BOOKMARK [1][-]{section.4.8}{\376\377\000N\000n\000e\000t\000-\000s\000u\000r\000v\000i\000v\000a\000l\000\040\004\062\000\040\004\067\004\060\004\064\004\060\004\107\004\065\000\040\004\074\004\075\004\076\004\063\004\076\004\072\004\073\004\060\004\101\004\101\004\076\004\062\004\076\004\071\000\040\004\072\004\073\004\060\004\101\004\101\004\070\004\104\004\070\004\072\004\060\004\106\004\070\004\070}{chapter.4}% 39
\BOOKMARK [2][-]{subsection.4.8.1}{\376\377\004\022\004\072\004\073\004\060\004\064\000\040\004\077\004\100\004\070\004\067\004\075\004\060\004\072\004\076\004\062\000\040\004\074\004\076\004\064\004\065\004\073\004\065\004\071}{section.4.8}% 40
\BOOKMARK [2][-]{subsection.4.8.2}{\376\377\004\027\004\075\004\060\004\107\004\065\004\075\004\070\004\065\000\040\000C\000-\004\070\004\075\004\064\004\065\004\072\004\101\004\060\000\040\004\074\004\076\004\064\004\065\004\073\004\070}{section.4.8}% 41
\BOOKMARK [2][-]{subsection.4.8.3}{\376\377\004\030\004\075\004\102\004\065\004\100\004\077\004\100\004\065\004\102\004\060\004\106\004\070\004\117\000\040\004\062\004\065\004\100\004\076\004\117\004\102\004\075\004\076\004\101\004\102\004\065\004\071\000\040\004\062\004\113\004\066\004\070\004\062\004\060\004\075\004\070\004\117}{section.4.8}% 42
\BOOKMARK [1][-]{section.4.9}{\376\377\004\035\004\060\004\110\004\060\000\040\004\074\004\076\004\064\004\065\004\073\004\114\000\040\004\062\000\040\004\067\004\060\004\064\004\060\004\107\004\065\000\040\004\074\004\075\004\076\004\063\004\076\004\072\004\073\004\060\004\101\004\101\004\076\004\062\004\076\004\071\000\040\004\072\004\073\004\060\004\101\004\101\004\070\004\104\004\070\004\072\004\060\004\106\004\070\004\070}{chapter.4}% 43
\BOOKMARK [2][-]{subsection.4.9.1}{\376\377\004\022\004\072\004\073\004\060\004\064\000\040\004\077\004\100\004\070\004\067\004\075\004\060\004\072\004\076\004\062\000\040\004\074\004\076\004\064\004\065\004\073\004\065\004\071}{section.4.9}% 44
\BOOKMARK [2][-]{subsection.4.9.2}{\376\377\004\027\004\075\004\060\004\107\004\065\004\075\004\070\004\065\000\040\000C\000-\004\070\004\075\004\064\004\065\004\072\004\101\004\060\000\040\004\074\004\076\004\064\004\065\004\073\004\070}{section.4.9}% 45
\BOOKMARK [2][-]{subsection.4.9.3}{\376\377\004\030\004\075\004\102\004\065\004\100\004\077\004\100\004\065\004\102\004\060\004\106\004\070\004\117\000\040\004\062\004\065\004\100\004\076\004\117\004\102\004\075\004\076\004\101\004\102\004\065\004\071\000\040\004\062\004\113\004\066\004\070\004\062\004\060\004\075\004\070\004\117}{section.4.9}% 46
\BOOKMARK [1][-]{section.4.10}{\376\377\004\041\004\100\004\060\004\062\004\075\004\065\004\075\004\070\004\065\000\040\004\100\004\060\004\067\004\073\004\070\004\107\004\075\004\113\004\105\000\040\004\074\004\076\004\064\004\065\004\073\004\065\004\071}{chapter.4}% 47
\BOOKMARK [2][-]{subsection.4.10.1}{\376\377\004\041\004\100\004\060\004\062\004\075\004\065\004\075\004\070\004\065\000\040\004\074\004\065\004\102\004\100\004\070\004\072}{section.4.10}% 48
\BOOKMARK [2][-]{subsection.4.10.2}{\376\377\004\022\004\113\004\062\004\076\004\064\000\040\004\077\004\076\000\040\004\070\004\075\004\102\004\065\004\100\004\077\004\100\004\065\004\102\004\060\004\106\004\070\004\070\000\040\004\062\004\065\004\100\004\076\004\117\004\102\004\075\004\076\004\101\004\102\004\065\004\071\000\040\004\062\004\113\004\066\004\070\004\062\004\060\004\075\004\070\004\117}{section.4.10}% 49
\BOOKMARK [1][-]{section.4.11}{\376\377\004\035\004\060\004\110\004\060\000\040\004\074\004\076\004\064\004\065\004\073\004\114\000\040\004\075\004\060\000\040\004\100\004\060\004\101\004\110\004\070\004\100\004\065\004\075\004\075\004\076\004\074\000\040\004\064\004\060\004\102\004\060\004\101\004\065\004\102\004\065}{chapter.4}% 50
\BOOKMARK [0][-]{chapter*.41}{\376\377\004\027\004\060\004\072\004\073\004\116\004\107\004\065\004\075\004\070\004\065}{}% 51
\BOOKMARK [0][-]{chapter*.42}{\376\377\004\033\004\070\004\102\004\065\004\100\004\060\004\102\004\103\004\100\004\060}{}% 52
